<?xml version="1.0" encoding="UTF-8"?>
<!-- Generated by org.testng.reporters.JUnitReportReporter -->
<testsuite skipped="0" hostname="DESKTOP-77233KH" name="MunniWork" tests="4" failures="0" timestamp="20 Jan 2021 03:04:31 GMT" time="38.621" errors="0">
  <testcase name="Filter_By_Days" time="8.536" classname="MunniWork"/>
  <testcase name="Search_Selenium_WebDriver" time="7.499" classname="MunniWork"/>
  <testcase name="Search_Javascript_WebDriverIO" time="6.632" classname="MunniWork"/>
  <testcase name="Filter_By_US" time="15.954" classname="MunniWork"/>
</testsuite> <!-- MunniWork -->
